[2018/07/12 12:16:42 CST] [INFO] (friend-manager-server/routes.ReloadAccessToken.func1:51) setAccessToken---------------------------------------------------------2018-07-12 12:16:42
[2018/07/12 13:00:00 CST] [INFO] (friend-manager-server/routes.ReloadAccessToken.func1:117) setAccessToken---------------------------------------------------------2018-07-12 13:00:00
[2018/07/12 14:00:00 CST] [INFO] (friend-manager-server/routes.ReloadAccessToken.func1:115) setAccessToken---------------------------------------------------------2018-07-12 14:00:00
[2018/07/12 14:05:27 CST] [EROR] (friend-manager-server/routes.TalksGet:112) [server]services.TalkLooksIncr error! add uesr_talk 0 rows!
[2018/07/12 14:06:41 CST] [EROR] (friend-manager-server/routes.TalksGet:112) [server]services.TalkLooksIncr error! add uesr_talk 0 rows!
[2018/07/12 15:00:00 CST] [INFO] (friend-manager-server/routes.ReloadAccessToken.func1:115) setAccessToken---------------------------------------------------------2018-07-12 15:00:00
[2018/07/12 15:23:16 CST] [EROR] (friend-manager-server/routes.WechatLogin:79) DecryptFromEncryptedData: invalid character 'Ú' looking for beginning of value
[2018/07/12 15:44:47 CST] [EROR] (friend-manager-server/routes.WechatLogin:79) DecryptFromEncryptedData: invalid character '\u009f' looking for beginning of value
[2018/07/12 15:47:06 CST] [EROR] (friend-manager-server/routes.WechatLogin:79) DecryptFromEncryptedData: invalid character ',' looking for beginning of value
[2018/07/12 15:50:31 CST] [EROR] (friend-manager-server/routes.WechatLogin:79) DecryptFromEncryptedData: invalid character 'Q' looking for beginning of value
[2018/07/12 15:53:23 CST] [EROR] (friend-manager-server/utils.GetPhyisicalTableName:119) no table setting with table name: user_talk
[2018/07/12 15:53:23 CST] [EROR] (friend-manager-server/utils.GetPhyisicalTableName:119) no table setting with table name: user_talk
[2018/07/12 15:53:23 CST] [EROR] (friend-manager-server/routes.TalksGet:112) [server]services.TalkLooksIncr error! Error 1146: Table 'friend_manager.user_talk' doesn't exist
[2018/07/12 15:53:33 CST] [EROR] (friend-manager-server/routes.WechatLogin:80) DecryptFromEncryptedData: invalid character 'p' looking for beginning of value
[2018/07/12 15:56:02 CST] [EROR] (friend-manager-server/utils.GetPhyisicalTableName:119) no table setting with table name: user_talk
[2018/07/12 15:56:02 CST] [EROR] (friend-manager-server/utils.GetPhyisicalTableName:119) no table setting with table name: user_talk
[2018/07/12 15:56:02 CST] [EROR] (friend-manager-server/routes.TalksGet:112) [server]services.TalkLooksIncr error! Error 1146: Table 'friend_manager.user_talk' doesn't exist
[2018/07/12 15:56:33 CST] [EROR] (friend-manager-server/utils.GetPhyisicalTableName:119) no table setting with table name: user_talk
[2018/07/12 15:56:33 CST] [EROR] (friend-manager-server/utils.GetPhyisicalTableName:119) no table setting with table name: user_talk
[2018/07/12 15:56:33 CST] [EROR] (friend-manager-server/routes.TalksGet:112) [server]services.TalkLooksIncr error! Error 1146: Table 'friend_manager.user_talk' doesn't exist
[2018/07/12 15:57:37 CST] [EROR] (friend-manager-server/utils.GetPhyisicalTableName:119) no table setting with table name: user_talk
[2018/07/12 15:57:37 CST] [EROR] (friend-manager-server/utils.GetPhyisicalTableName:119) no table setting with table name: user_talk
[2018/07/12 15:57:37 CST] [EROR] (friend-manager-server/routes.TalksGet:112) [server]services.TalkLooksIncr error! Error 1146: Table 'friend_manager.user_talk' doesn't exist
[2018/07/12 15:57:45 CST] [EROR] (friend-manager-server/routes.WechatLogin:80) DecryptFromEncryptedData: invalid character '\x16' looking for beginning of value
[2018/07/12 15:58:33 CST] [EROR] (friend-manager-server/utils.GetPhyisicalTableName:121) no table setting with table name: user_talk
[2018/07/12 15:58:33 CST] [EROR] (friend-manager-server/utils.GetPhyisicalTableName:121) no table setting with table name: user_talk
[2018/07/12 15:58:33 CST] [EROR] (friend-manager-server/routes.TalksGet:112) [server]services.TalkLooksIncr error! Error 1146: Table 'friend_manager.user_talk' doesn't exist
[2018/07/12 15:59:12 CST] [EROR] (friend-manager-server/routes.TalksGet:112) [server]services.TalkLooksIncr error! Error 1146: Table 'friend_manager.user_talks_4' doesn't exist
[2018/07/12 16:00:00 CST] [INFO] (friend-manager-server/routes.ReloadAccessToken.func1:115) setAccessToken---------------------------------------------------------2018-07-12 16:00:00
[2018/07/12 16:00:29 CST] [EROR] (friend-manager-server/routes.TalksGet:112) [server]services.TalkLooksIncr error! Error 1054: Unknown column 'visitor' in 'field list'
[2018/07/12 16:02:03 CST] [EROR] (friend-manager-server/routes.WechatLogin:80) DecryptFromEncryptedData: invalid character '\x16' looking for beginning of value
[2018/07/12 16:05:30 CST] [EROR] (friend-manager-server/routes.WechatLogin:80) DecryptFromEncryptedData: invalid character '&' looking for beginning of value
[2018/07/12 16:09:11 CST] [EROR] (friend-manager-server/routes.WechatLogin:80) DecryptFromEncryptedData: invalid character '¯' looking for beginning of value
[2018/07/12 16:46:20 CST] [EROR] (friend-manager-server/routes.WechatLogin:80) DecryptFromEncryptedData: invalid character '\x1a' looking for beginning of value
[2018/07/12 17:00:00 CST] [INFO] (friend-manager-server/routes.ReloadAccessToken.func1:171) setAccessToken---------------------------------------------------------2018-07-12 17:00:00
[2018/07/12 17:14:48 CST] [EROR] (friend-manager-server/routes.FileUpload:102) parse tm fail
[2018/07/12 17:15:13 CST] [EROR] (friend-manager-server/routes.FileUpload:102) parse tm fail
[2018/07/12 17:15:45 CST] [EROR] (friend-manager-server/routes.FileUpload:102) parse tm fail
[2018/07/12 17:19:10 CST] [EROR] (friend-manager-server/routes.WechatLogin:80) DecryptFromEncryptedData: invalid character 'd' looking for beginning of value
[2018/07/12 18:11:52 CST] [INFO] (friend-manager-server/routes.ReloadAccessToken.func1:171) setAccessToken---------------------------------------------------------2018-07-12 18:11:52
[2018/07/12 19:00:00 CST] [INFO] (friend-manager-server/routes.ReloadAccessToken.func1:171) setAccessToken---------------------------------------------------------2018-07-12 19:00:00
[2018/07/12 19:59:59 CST] [INFO] (friend-manager-server/routes.ReloadAccessToken.func1:171) setAccessToken---------------------------------------------------------2018-07-12 19:59:59
[2018/07/12 20:00:00 CST] [INFO] (friend-manager-server/routes.ReloadAccessToken.func1:171) setAccessToken---------------------------------------------------------2018-07-12 20:00:00
[2018/07/12 20:59:59 CST] [INFO] (friend-manager-server/routes.ReloadAccessToken.func1:171) setAccessToken---------------------------------------------------------2018-07-12 20:59:59
[2018/07/12 21:00:00 CST] [INFO] (friend-manager-server/routes.ReloadAccessToken.func1:171) setAccessToken---------------------------------------------------------2018-07-12 21:00:00
[2018/07/12 21:59:59 CST] [INFO] (friend-manager-server/routes.ReloadAccessToken.func1:171) setAccessToken---------------------------------------------------------2018-07-12 21:59:59
[2018/07/12 22:00:00 CST] [INFO] (friend-manager-server/routes.ReloadAccessToken.func1:171) setAccessToken---------------------------------------------------------2018-07-12 22:00:00
[2018/07/12 22:59:59 CST] [INFO] (friend-manager-server/routes.ReloadAccessToken.func1:171) setAccessToken---------------------------------------------------------2018-07-12 22:59:59
[2018/07/12 23:00:00 CST] [INFO] (friend-manager-server/routes.ReloadAccessToken.func1:171) setAccessToken---------------------------------------------------------2018-07-12 23:00:00
[2018/07/12 23:59:59 CST] [INFO] (friend-manager-server/routes.ReloadAccessToken.func1:171) setAccessToken---------------------------------------------------------2018-07-12 23:59:59
[2018/07/13 00:00:00 CST] [INFO] (friend-manager-server/routes.ReloadAccessToken.func1:171) setAccessToken---------------------------------------------------------2018-07-13 00:00:00
[2018/07/13 00:59:59 CST] [INFO] (friend-manager-server/routes.ReloadAccessToken.func1:171) setAccessToken---------------------------------------------------------2018-07-13 00:59:59
[2018/07/13 01:00:00 CST] [INFO] (friend-manager-server/routes.ReloadAccessToken.func1:171) setAccessToken---------------------------------------------------------2018-07-13 01:00:00
[2018/07/13 01:59:59 CST] [INFO] (friend-manager-server/routes.ReloadAccessToken.func1:171) setAccessToken---------------------------------------------------------2018-07-13 01:59:59
[2018/07/13 02:00:00 CST] [INFO] (friend-manager-server/routes.ReloadAccessToken.func1:171) setAccessToken---------------------------------------------------------2018-07-13 02:00:00
[2018/07/13 02:59:59 CST] [INFO] (friend-manager-server/routes.ReloadAccessToken.func1:171) setAccessToken---------------------------------------------------------2018-07-13 02:59:59
[2018/07/13 03:00:00 CST] [INFO] (friend-manager-server/routes.ReloadAccessToken.func1:171) setAccessToken---------------------------------------------------------2018-07-13 03:00:00
[2018/07/13 03:59:59 CST] [INFO] (friend-manager-server/routes.ReloadAccessToken.func1:171) setAccessToken---------------------------------------------------------2018-07-13 03:59:59
[2018/07/13 04:00:00 CST] [INFO] (friend-manager-server/routes.ReloadAccessToken.func1:171) setAccessToken---------------------------------------------------------2018-07-13 04:00:00
[2018/07/13 04:59:59 CST] [INFO] (friend-manager-server/routes.ReloadAccessToken.func1:171) setAccessToken---------------------------------------------------------2018-07-13 04:59:59
[2018/07/13 05:00:00 CST] [INFO] (friend-manager-server/routes.ReloadAccessToken.func1:171) setAccessToken---------------------------------------------------------2018-07-13 05:00:00
[2018/07/13 05:59:59 CST] [INFO] (friend-manager-server/routes.ReloadAccessToken.func1:171) setAccessToken---------------------------------------------------------2018-07-13 05:59:59
[2018/07/13 06:00:00 CST] [INFO] (friend-manager-server/routes.ReloadAccessToken.func1:171) setAccessToken---------------------------------------------------------2018-07-13 06:00:00
[2018/07/13 07:00:00 CST] [INFO] (friend-manager-server/routes.ReloadAccessToken.func1:171) setAccessToken---------------------------------------------------------2018-07-13 07:00:00
[2018/07/13 07:59:59 CST] [INFO] (friend-manager-server/routes.ReloadAccessToken.func1:171) setAccessToken---------------------------------------------------------2018-07-13 07:59:59
[2018/07/13 08:00:00 CST] [INFO] (friend-manager-server/routes.ReloadAccessToken.func1:171) setAccessToken---------------------------------------------------------2018-07-13 08:00:00
[2018/07/13 08:59:59 CST] [INFO] (friend-manager-server/routes.ReloadAccessToken.func1:171) setAccessToken---------------------------------------------------------2018-07-13 08:59:59
[2018/07/13 09:00:00 CST] [INFO] (friend-manager-server/routes.ReloadAccessToken.func1:171) setAccessToken---------------------------------------------------------2018-07-13 09:00:00
[2018/07/13 09:59:59 CST] [INFO] (friend-manager-server/routes.ReloadAccessToken.func1:171) setAccessToken---------------------------------------------------------2018-07-13 09:59:59
[2018/07/13 10:00:00 CST] [INFO] (friend-manager-server/routes.ReloadAccessToken.func1:171) setAccessToken---------------------------------------------------------2018-07-13 10:00:00
[2018/07/13 10:29:55 CST] [EROR] (friend-manager-server/routes.WechatLogin:80) DecryptFromEncryptedData: invalid character 'Î' looking for beginning of value
[2018/07/13 10:50:18 CST] [EROR] (friend-manager-server/routes.WechatLogin:80) DecryptFromEncryptedData: invalid character '.' looking for beginning of value
[2018/07/13 11:00:00 CST] [INFO] (friend-manager-server/routes.ReloadAccessToken.func1:172) setAccessToken---------------------------------------------------------2018-07-13 11:00:00
[2018/07/13 11:06:55 CST] [EROR] (friend-manager-server/routes.WechatLogin:81) DecryptFromEncryptedData: invalid character '*' looking for beginning of value
[2018/07/13 12:05:58 CST] [EROR] (friend-manager-server/routes.WechatLogin:81) DecryptFromEncryptedData: invalid character 'ö' looking for beginning of value
[2018/07/13 12:42:11 CST] [EROR] (friend-manager-server/routes.WechatLogin:81) DecryptFromEncryptedData: invalid character 'V' looking for beginning of value
[2018/07/13 12:59:54 CST] [EROR] (friend-manager-server/routes.WechatLogin:81) DecryptFromEncryptedData: invalid character 'ö' looking for beginning of value
[2018/07/13 13:10:33 CST] [EROR] (friend-manager-server/routes.WechatLogin:81) DecryptFromEncryptedData: invalid character '\u0098' looking for beginning of value
[2018/07/13 13:14:15 CST] [EROR] (friend-manager-server/routes.WechatLogin:81) DecryptFromEncryptedData: invalid character '\x04' in string literal
[2018/07/13 13:26:07 CST] [EROR] (friend-manager-server/routes.WechatLogin:81) DecryptFromEncryptedData: invalid character '}' looking for beginning of value
[2018/07/13 14:59:59 CST] [INFO] (friend-manager-server/routes.ReloadAccessToken.func2:194) setAccessToken---------------------------------------------------------2018-07-13 14:59:59
[2018/07/13 15:00:00 CST] [INFO] (friend-manager-server/utils.SendGetRequest:71) $$$$$$$$$$$$$$$$$$$$$$$$$$: %!(EXTRA *http.Response=&{200 OK 200 HTTP/1.1 1 1 map[Connection:[keep-alive] Content-Type:[application/json; encoding=utf-8] Date:[Fri, 13 Jul 2018 07:00:00 GMT] Content-Length:[194]] 0xc4201e2140 194 [] false false map[] 0xc420138000 0xc4200d02c0}, <nil>)
[2018/07/13 15:00:00 CST] [INFO] (friend-manager-server/utils.SendGetRequest:78) ###########################: %!(EXTRA string={"access_token":"11_ULsdIvvxoRP9WLjBGc3ixOZEeF36Wxq8XPmiFTnNuU64zvI0Kc4DFbuZ1JLv5v1-JzfENqZSjTLGylsEruufrrsQWheUAxHwNixUaitiZbVUygqulZ2CYRHhNQFbEoVK7-4zkZQPzZhPbR15ZIQhAIAIRZ","expires_in":7200}, <nil>)
[2018/07/13 15:00:00 CST] [INFO] (friend-manager-server/routes.ReloadAccessToken.func2:194) setAccessToken---------------------------------------------------------2018-07-13 15:00:00
[2018/07/13 15:00:01 CST] [INFO] (friend-manager-server/utils.SendGetRequest:71) $$$$$$$$$$$$$$$$$$$$$$$$$$: %!(EXTRA *http.Response=&{200 OK 200 HTTP/1.1 1 1 map[Connection:[keep-alive] Content-Type:[application/json; encoding=utf-8] Date:[Fri, 13 Jul 2018 07:00:01 GMT] Content-Length:[194]] 0xc42021c200 194 [] false false map[] 0xc420138100 0xc4200d02c0}, <nil>)
[2018/07/13 15:00:01 CST] [INFO] (friend-manager-server/utils.SendGetRequest:78) ###########################: %!(EXTRA string={"access_token":"11_Waj_PZNShwJQkvv3Gc3ixOZEeF36Wxq8XPmiFTnNuU64zvI0Kc4DFbuZ1JLrMJMjH0TwjHF8F1-oBMxNLG9bMIvdmb9LqlRo6QMYZc3aaGSK0z_T4iOpFc9J50c3IQlBMxKbfoniC4Wr9mKvEFChAIAYZW","expires_in":7199}, <nil>)
